0 info it worked if it ends with ok
1 verbose cli [ '/usr/local/Cellar/node/6.3.1/bin/node',
1 verbose cli   '/usr/local/bin/npm',
1 verbose cli   'run',
1 verbose cli   'generate-coverage' ]
2 info using npm@3.10.3
3 info using node@v6.3.1
4 verbose run-script [ 'pregenerate-coverage',
4 verbose run-script   'generate-coverage',
4 verbose run-script   'postgenerate-coverage' ]
5 info lifecycle connecting-to-services@0.0.1~pregenerate-coverage: connecting-to-services@0.0.1
6 silly lifecycle connecting-to-services@0.0.1~pregenerate-coverage: no script for pregenerate-coverage, continuing
7 info lifecycle connecting-to-services@0.0.1~generate-coverage: connecting-to-services@0.0.1
8 verbose lifecycle connecting-to-services@0.0.1~generate-coverage: unsafe-perm in lifecycle true
9 verbose lifecycle connecting-to-services@0.0.1~generate-coverage: PATH: /usr/local/lib/node_modules/npm/bin/node-gyp-bin:/Users/steve/code/connecting-to-services/node_modules/.bin:/usr/local/Cellar/node/6.3.1/bin:/Users/steve/code/connecting-to-services/node_modules/.bin:/usr/local/Cellar/git/2.9.2/libexec/git-core:/usr/local/bin:/usr/bin:/bin:/usr/sbin:/sbin
10 verbose lifecycle connecting-to-services@0.0.1~generate-coverage: CWD: /Users/steve/code/connecting-to-services
11 silly lifecycle connecting-to-services@0.0.1~generate-coverage: Args: [ '-c', 'istanbul cover _mocha -- --recursive' ]
12 silly lifecycle connecting-to-services@0.0.1~generate-coverage: Returned: code: 1  signal: null
13 info lifecycle connecting-to-services@0.0.1~generate-coverage: Failed to exec generate-coverage script
14 verbose stack Error: connecting-to-services@0.0.1 generate-coverage: `istanbul cover _mocha -- --recursive`
14 verbose stack Exit status 1
14 verbose stack     at EventEmitter.<anonymous> (/usr/local/lib/node_modules/npm/lib/utils/lifecycle.js:242:16)
14 verbose stack     at emitTwo (events.js:106:13)
14 verbose stack     at EventEmitter.emit (events.js:191:7)
14 verbose stack     at ChildProcess.<anonymous> (/usr/local/lib/node_modules/npm/lib/utils/spawn.js:40:14)
14 verbose stack     at emitTwo (events.js:106:13)
14 verbose stack     at ChildProcess.emit (events.js:191:7)
14 verbose stack     at maybeClose (internal/child_process.js:852:16)
14 verbose stack     at Process.ChildProcess._handle.onexit (internal/child_process.js:215:5)
15 verbose pkgid connecting-to-services@0.0.1
16 verbose cwd /Users/steve/code/connecting-to-services
17 error Darwin 16.0.0
18 error argv "/usr/local/Cellar/node/6.3.1/bin/node" "/usr/local/bin/npm" "run" "generate-coverage"
19 error node v6.3.1
20 error npm  v3.10.3
21 error code ELIFECYCLE
22 error connecting-to-services@0.0.1 generate-coverage: `istanbul cover _mocha -- --recursive`
22 error Exit status 1
23 error Failed at the connecting-to-services@0.0.1 generate-coverage script 'istanbul cover _mocha -- --recursive'.
23 error Make sure you have the latest version of node.js and npm installed.
23 error If you do, this is most likely a problem with the connecting-to-services package,
23 error not with npm itself.
23 error Tell the author that this fails on your system:
23 error     istanbul cover _mocha -- --recursive
23 error You can get information on how to open an issue for this project with:
23 error     npm bugs connecting-to-services
23 error Or if that isn't available, you can get their info via:
23 error     npm owner ls connecting-to-services
23 error There is likely additional logging output above.
24 verbose exit [ 1, true ]
